RCI 152.54.14.10
timestamp	iget runtime	scp runtime	bbcp runtime
2014-05-21 12:50:08	12.967	38.06	19.673
2014-05-21 13:01:46	14.604	59.089	21.976
2014-05-21 13:19:46	34.74	87.8	57.224
2014-05-21 13:42:45	26.16	91.669	60.547
2014-05-21 14:09:14	17.647	44.729	26.059
2014-05-21 14:41:13	21.482	57.321	39.846
2014-05-21 15:17:28	13.728	38.751	21.229
2014-05-21 15:59:04	13.484	59.644	22.851
2014-05-21 16:46:03	17.81	46.166	53.946
2014-05-21 17:37:19	13.76	38.755	23.161
2014-05-21 18:33:33	14.147	38.44	20.936
2014-05-21 19:34:45	13.219	38.318	20.09
2014-05-21 20:41:04	13.142	42.385	22.548
2014-05-21 21:52:38	15.549	57.131	21.278
2014-05-21 23:08:52	12.708	37.988	22.667
2014-05-22 00:30:13	14.412	39.225	26.521
2014-05-22 01:56:26	13.204	37.648	22.063
2014-05-22 03:27:44	13.206	41.529	22.876
2014-05-22 05:04:00	12.804	39.842	22.88
2014-05-22 06:45:14	12.93	38.054	22.398
OSF 198.129.50.13
timestamp	iget runtime	scp runtime	bbcp runtime
2014-05-21 13:04:56	167.617	238.208	40.517
2014-05-21 13:24:36	282.312	265.031	32.526
2014-05-21 13:49:26	195.753	212.97	180.314
2014-05-21 14:16:01	177.106	186.975	29.92
2014-05-21 14:47:51	163.035	205.471	41.919
2014-05-21 15:25:12	162.364	245.229	32.311
2014-05-21 16:07:35	145.317	181.533	116.131
2014-05-21 16:53:37	146.043	181.373	33.595
2014-05-21 17:44:48	144.605	189.874	35.794
2014-05-21 18:41:05	143.23	184.728	48.649
2014-05-21 19:42:52	168.844	184.47	53.598
2014-05-21 20:49:12	144.041	186.019	49.428
2014-05-21 22:00:18	144.475	188.49	32.478
2014-05-21 23:16:18	143.098	186.105	29.635
2014-05-22 00:37:17	142.043	184.676	32.431
2014-05-22 02:03:13	142.87	182.555	30.326
2014-05-22 03:34:20	143.026	186.911	36.095
2014-05-22 05:10:47	143.682	188.083	54.208
2014-05-22 06:51:57	143.501	183.595	43.29
2014-05-22 08:37:57	142.001	182.456	34.255
UCD 128.120.83.5
timestamp	iget runtime	scp runtime	bbcp runtime
2014-05-21 13:11:46	195.488	215.908	229.849
2014-05-21 13:41:08	472.619	360.291	328.439
2014-05-21 14:09:56	320.486	226.241	280.363
2014-05-21 14:40:53	189.696	247.422	220.071
2014-05-21 15:15:57	202.1	208.125	193.161
2014-05-21 16:02:23	248.654	249.376	486.726
2014-05-21 16:50:19	400.206	193.215	182.898
2014-05-21 17:40:51	219.587	194.634	217.03
2014-05-21 18:36:41	209.371	194.028	245.922
2014-05-21 19:36:24	183.942	228.735	169.243
2014-05-21 20:41:46	201.725	236.285	184.344
2014-05-21 21:51:55	185.894	219.445	202.601
2014-05-21 23:06:32	192.271	198.517	185.816
2014-05-22 00:25:55	185.533	189.709	187.441
2014-05-22 01:50:46	191.676	203.642	195.219
2014-05-22 03:21:32	207.063	199.678	238.358
2014-05-22 04:55:45	186.152	195.821	170.614
2014-05-22 06:40:14	461.476	193.861	212.342
2014-05-22 08:24:33	183.859	186.977	187.995
2014-05-22 10:15:03	201.04	210.894	217.892
UVA 145.100.133.129
timestamp	iget runtime	scp runtime	bbcp runtime
2014-05-21 13:29:04	289.162	1026.78	415.34
2014-05-21 14:14:08	333.672	1187.7	581.539
2014-05-21 14:53:59	348.8	694.715	446.352
2014-05-21 15:37:10	299.242	681.029	409.351
2014-05-21 16:22:15	238.954	688.871	276.644
2014-05-21 17:13:25	290.264	662.218	316.181
2014-05-21 18:14:54	279.648	940.158	367.774
2014-05-21 19:22:17	310.426	957.208	374.593
2014-05-21 20:31:18	291.743	675.357	472.456
2014-05-21 21:47:30	264.732	755.723	550.507
2014-05-21 23:03:26	253.988	671.274	329.506
2014-05-22 00:25:14	281.962	585.267	439.561
2014-05-22 01:57:36	301.484	983.681	355.64
2014-05-22 03:33:23	278.999	902.207	364.356
2014-05-22 05:11:07	275.249	768.856	319.731
2014-05-22 06:54:21	270.821	749.87	372.016
2014-05-22 08:43:15	261.721	836.569	334.286
2014-05-22 10:38:22	273.524	896.903	335.872
2014-05-22 12:37:44	265.997	812.228	382.393
2014-05-22 14:39:55	260.187	735.636	333.491
UFL 128.227.10.7
Failed to connect.
UH 129.7.98.4
timestamp	iget runtime	scp runtime	bbcp runtime
2014-05-21 13:03:28	54.69	64.004	25.922
2014-05-21 13:15:46	48.33	60.431	28.14
2014-05-21 13:34:32	77.487	62.261	86.371
2014-05-21 13:56:49	57.297	48.798	30.559
2014-05-21 14:24:34	73.444	62.645	27.461
2014-05-21 14:56:30	47.749	45.782	22.065
2014-05-21 15:34:02	72.584	50.739	28.401
2014-05-21 16:16:20	67.462	43.412	26.471
2014-05-21 17:03:28	47.502	57.833	22.047
2014-05-21 17:55:37	47.678	56.549	24.226
2014-05-21 18:52:32	49.325	44.193	21.693
2014-05-21 19:55:02	47.633	74.741	26.978
2014-05-21 21:02:15	68.937	40.593	22.1
2014-05-21 22:14:22	48.535	41.363	36.928
2014-05-21 23:31:13	48.094	40.956	22.005
2014-05-22 00:53:10	47.197	44.247	24.562
2014-05-22 02:20:03	49.256	41.386	21.407
2014-05-22 03:51:53	46.651	39.559	23.983
2014-05-22 05:28:45	47.315	40.896	23.046
2014-05-22 07:10:44	47.822	45.804	24.305
WVN 129.71.30.5
timestamp	iget runtime	scp runtime	bbcp runtime
2014-05-21 13:06:14	60.334	52.4	24.275
2014-05-21 13:21:12	177.68	67.64	50.702
2014-05-21 13:43:06	201.556	110.159	101.604
2014-05-21 14:06:47	45.77	74.304	100.897
2014-05-21 14:34:33	39.414	55.867	69.833
2014-05-21 15:07:18	56.573	66.508	41.542
2014-05-21 15:44:42	70.334	49.584	23.799
2014-05-21 16:27:47	105.404	58.301	20.369
2014-05-21 17:15:27	57.174	75.532	26.567
2014-05-21 18:08:22	77.748	64.644	32.774
2014-05-21 19:05:57	56.491	77.409	19.937
2014-05-21 20:08:17	53.451	68.585	17.729
2014-05-21 21:15:42	58.313	65.706	20.271
2014-05-21 22:28:09	55.362	73.464	17.633
2014-05-21 23:45:29	50.565	62.414	26.22
2014-05-22 01:07:52	57.033	67.432	17.936
2014-05-22 02:35:58	68.993	97.243	18.938
2014-05-22 04:08:25	78.297	50.277	18.142
2014-05-22 05:46:17	80.651	51.698	39.591
2014-05-22 07:29:13	66.246	66.465	42.279
SL 165.124.159.7
timestamp	iget runtime	scp runtime	bbcp runtime
2014-05-21 13:05:59	71.891	84.609	97.03
2014-05-21 13:20:41	161.325	98.428	21.909
2014-05-21 13:42:51	218.862	181.555	29.613
2014-05-21 14:07:09	82.561	86.391	88.39
2014-05-21 14:35:01	61.557	72.379	37.672
2014-05-21 15:07:47	53.564	71.14	40.33
2014-05-21 15:45:32	53.635	69.153	41.79
2014-05-21 16:29:03	55.247	65.967	88.895
2014-05-21 17:16:33	56.327	66.203	27.187
2014-05-21 18:09:39	57.656	65.932	61.834
2014-05-21 19:07:04	55.229	64.745	24.773
2014-05-21 20:09:43	56.827	69.229	32.507
2014-05-21 21:17:09	55.781	66.551	22.835
2014-05-21 22:29:33	53.486	66.483	23.702
2014-05-21 23:46:58	53.954	68.045	22.457
2014-05-22 01:09:25	55.661	66.758	23.901
2014-05-22 02:36:53	54.173	70.246	23.372
2014-05-22 04:09:30	54.158	71.43	30.998
2014-05-22 05:46:59	55.856	66.329	25.557
2014-05-22 07:29:31	54.648	68.835	27.803
DUKE 152.3.144.101
timestamp	iget runtime	scp runtime	bbcp runtime
2014-05-21 13:33:36	56.135	130.862	41.073
2014-05-21 13:45:27	36.366	53.623	20.571
2014-05-21 14:04:51	23.766	206.403	32.124
2014-05-21 14:26:58	32.591	77.533	16.436
2014-05-21 14:53:35	28.482	50.846	17.246
2014-05-21 15:25:16	27.602	50.58	21.497
2014-05-21 16:02:36	30.888	80.396	27.994
2014-05-21 16:45:35	27.671	111.527	39.044
2014-05-21 17:32:27	29.237	52.544	29.631
2014-05-21 18:24:03	24.069	46.391	24.808
2014-05-21 19:20:39	23.012	47.131	24.986
2014-05-21 20:22:24	24.824	52.486	26.23
2014-05-21 21:29:05	28.801	53.689	17.956
2014-05-21 22:40:50	31.132	42.692	30.036
2014-05-21 23:58:15	42.623	65.514	36.333
2014-05-22 01:21:36	42.164	135.205	22.645
2014-05-22 02:49:24	21.292	129.592	16.522
2014-05-22 04:22:56	21.756	170.893	18.069
2014-05-22 06:00:40	25.886	120.138	17.512
2014-05-22 07:43:15	23.982	105.421	24.398
BBN 192.1.242.9
timestamp	iget runtime	scp runtime	bbcp runtime
2014-05-21 13:54:15	851.174	1764.93	886.529
2014-05-21 14:50:30	791.515	935.489	1047.42
2014-05-21 15:47:57	764.459	892.223	889.127
2014-05-21 17:02:41	873.019	1538.43	872.361
2014-05-21 18:11:38	764.31	904.784	967.557
2014-05-21 19:23:43	759.196	926.91	838.078
2014-05-21 20:43:51	804.314	941.927	960.932
2014-05-21 22:06:39	781.38	888.155	898.616
2014-05-21 23:34:13	762.301	966.219	825.109
2014-05-22 01:15:41	815.17	884.617	1387.26
2014-05-22 02:52:47	764.023	927.058	834.833
2014-05-22 04:38:10	809.073	992.013	921.238
2014-05-22 06:27:21	793.765	926.616	929.422
2014-05-22 08:20:44	778.344	913.279	911.313
2014-05-22 10:18:32	791.367	907.407	869.191
2014-05-22 12:20:30	766.593	914.101	836.464
2014-05-22 14:38:55	795.062	1576.4	833.085
2014-05-22 16:53:58	813.717	964.559	923.776
2014-05-22 19:11:39	790.346	890.606	879.928
2014-05-22 21:38:47	828.62	898.305	1100.71
FIU 131.94.144.23
timestamp	iget runtime	scp runtime	bbcp runtime
2014-05-21 12:59:15	60.456	62.164	29.878
2014-05-21 13:11:59	77.298	65.539	20.574
2014-05-21 13:29:42	48.271	93.311	20.625
2014-05-21 13:53:30	55.509	122.585	49.546
2014-05-21 14:23:53	94.807	167.451	60.103
2014-05-21 14:56:43	66.467	75.184	28.101
2014-05-21 15:34:43	69.801	79.968	29.375
2014-05-21 16:17:05	49.631	62.454	29.249
2014-05-21 17:04:48	54.296	74.046	34.581
2014-05-21 17:57:36	49.059	91.303	27.223
2014-05-21 18:55:21	48.358	66.321	48.9
2014-05-21 19:58:12	48.158	102.259	20.399
2014-05-21 21:06:00	55.56	64.505	47.03
2014-05-21 22:18:11	46.733	64.725	19.744
2014-05-21 23:35:20	46.598	63.633	18.156
2014-05-22 00:57:32	46.899	65.272	18.782
2014-05-22 02:25:06	53.375	69.322	30.566
2014-05-22 03:57:18	48.019	65.854	17.85
2014-05-22 05:34:29	46.798	63.405	20.631
2014-05-22 07:16:42	46.733	63.943	21.831
RCI-RBUDP 152.54.14.9
timestamp	iget runtime	scp runtime	bbcp runtime
2014-05-21 13:11:07	18.069	39.506	27.074
2014-05-21 13:23:51	21.85	99.21	42.377
2014-05-21 13:41:43	18.185	117.938	34.87
2014-05-21 14:04:49	19.954	121.803	43.703
2014-05-21 14:31:09	15.967	40.795	22.827
2014-05-21 15:02:24	14.024	36.47	23.912
2014-05-21 15:38:46	14.258	38.79	28.374
2014-05-21 16:20:05	14.16	38.06	25.955
2014-05-21 17:06:14	14.068	37.781	16.931
2014-05-21 17:57:32	16.21	40.917	20.521
2014-05-21 18:54:00	17.43	47.633	22.203
2014-05-21 19:55:24	17.751	41.481	23.867
2014-05-21 21:01:49	17.873	43.929	23.252
2014-05-21 22:13:16	15.416	50.884	19.953
2014-05-21 23:29:45	14.142	52.829	21.605
2014-05-22 00:51:05	13.856	41.386	24.037
2014-05-22 02:17:20	14.377	37.25	22.654
2014-05-22 03:49:12	23.157	49.169	39.603
2014-05-22 05:25:26	13.816	37.27	22.429
2014-05-22 07:06:42	13.822	38.75	22.866
OSF-RBUDP 198.129.50.14
timestamp	iget runtime	scp runtime	bbcp runtime
2014-05-21 13:27:00	21.682	225.12	119.936
2014-05-21 13:45:18	22.881	300.642	173.936
2014-05-21 14:07:33	22.393	247.432	164.581
2014-05-21 14:32:23	15.318	225.031	49.883
2014-05-21 15:01:22	15.664	190.743	31.212
2014-05-21 15:35:57	20.996	182.402	71.826
2014-05-21 16:15:12	16.246	205.495	32.702
2014-05-21 16:59:13	15.546	181.617	43.345
2014-05-21 17:48:08	15.812	182.061	36.669
2014-05-21 18:42:23	15.989	182.093	55.915
2014-05-21 19:41:53	20.705	188.372	60.106
2014-05-21 20:46:07	14.778	203.266	35.51
2014-05-21 21:55:39	18.289	186.554	66.9
2014-05-21 23:10:06	17.45	218.857	29.942
2014-05-22 00:29:26	16.422	201.949	41.176
2014-05-22 01:53:28	16.689	186.177	39.272
2014-05-22 03:22:35	15.956	182.446	47.538
2014-05-22 04:56:32	19.853	179.445	37.362
2014-05-22 06:35:56	19.192	181.082	62.672
2014-05-22 08:19:53	16.567	180.942	39.527
UCD-RBUDP 128.120.83.14
timestamp	iget runtime	scp runtime	bbcp runtime
2014-05-21 14:09:16	2219.37	232.377	384.695
2014-05-21 15:29:27	3809.87	186.715	213.524
2014-05-21 16:01:59	615.1	241.239	194.894
2014-05-21 16:48:42	1221.79	195.638	184.846
2014-05-21 17:28:36	478.769	209.485	206.002
2014-05-21 19:07:46	3753.54	205.91	189.844
2014-05-21 21:14:35	5137.17	204.307	167.052
2014-05-22 00:30:52	8984.71	207.052	183.959
2014-05-22 02:54:01	5420.28	190.473	277.586
2014-05-22 04:39:10	2947.67	193.248	167.536
2014-05-22 07:57:25	8234.67	189.142	170.955
2014-05-22 16:09:05	25532.7	191.372	175.45
2014-05-22 23:23:56	21791.3	189.357	209.56
2014-05-23 04:32:49	13958.9	190.693	183.289
2014-05-23 13:27:01	27194.5	195.522	161.287
2014-05-23 19:20:37	16058.2	186.572	170.626
2014-05-24 07:03:51	36737.3	186.213	169.677
2014-05-24 19:01:03	37254.5	190.499	186.187
2014-05-25 02:39:53	21468.5	189.293	171.657
2014-05-25 15:43:16	40603.9	196.477	202.453
UVA-RBUDP 145.100.133.130
timestamp	iget runtime	scp runtime	bbcp runtime
2014-05-21 13:50:45	31.222	1229.14	488.874
2014-05-21 14:27:00	18.811	983.984	570.338
2014-05-21 15:04:20	16.191	909.617	413.059
2014-05-21 15:41:46	16.79	688.981	339.855
2014-05-21 16:28:08	17.677	914.317	348.883
2014-05-21 17:19:41	18.109	914.405	358.984
2014-05-21 18:20:32	17.4	1143.09	389.028
2014-05-21 19:20:50	17.695	802.697	396.371
2014-05-21 20:26:44	16.894	837.211	399.53
2014-05-21 21:39:51	18.232	882.976	484.448
2014-05-21 22:58:04	16.727	828.299	546.966
2014-05-22 00:18:28	17.02	854.973	350.445
2014-05-22 01:44:15	16.504	897.358	332.436
2014-05-22 03:13:01	16.676	734.321	373.725
2014-05-22 04:49:32	16.274	912.841	361.027
2014-05-22 06:28:57	16.174	771.739	375.364
2014-05-22 08:13:35	16.766	789.208	371.653
2014-05-22 10:03:33	16.565	795.311	384.68
2014-05-22 11:58:04	16.224	813.222	340.077
2014-05-22 13:56:54	27.275	755.11	346.743
UFL-RBUDP 128.227.10.8
Failed to connect.
UH-RBUDP 129.7.98.5
timestamp	iget runtime	scp runtime	bbcp runtime
2014-05-21 13:26:53	18.943	67.864	122.36
2014-05-21 13:42:12	19.426	272.202	27.634
2014-05-21 14:00:08	24.569	89.826	60.39
2014-05-21 14:21:52	19.07	60.916	23.841
2014-05-21 14:48:19	15.439	47.19	23.898
2014-05-21 15:19:50	15.736	45.843	29.229
2014-05-21 15:56:08	15.275	40.73	21.369
2014-05-21 16:37:40	14.701	42.284	33.77
2014-05-21 17:24:01	15.271	43.725	21.761
2014-05-21 18:16:15	18.325	46.043	69.251
2014-05-21 19:13:41	19.079	101.561	24.323
2014-05-21 20:16:24	19.793	114.166	28.586
2014-05-21 21:24:26	22.475	113.84	45.812
2014-05-21 22:38:22	23.295	118.554	93.356
2014-05-21 23:56:44	17.73	152.424	31.564
2014-05-22 01:19:37	15.065	131.623	25.002
2014-05-22 02:45:57	14.854	42.982	22.556
2014-05-22 04:17:14	14.377	39.667	21.571
2014-05-22 05:53:36	14.624	43.204	23.885
2014-05-22 07:34:51	14.977	40.314	19.669
WVN-RBUDP 129.71.30.14
timestamp	iget runtime	scp runtime	bbcp runtime
2014-05-21 13:24:17	19.903	102.417	63.521
2014-05-21 13:39:26	15.567	255.839	37.064
2014-05-21 13:56:28	23.077	52.087	46.172
2014-05-21 14:18:04	18.632	51.595	25.611
2014-05-21 14:44:26	15.281	46.285	19.567
2014-05-21 15:15:49	16.184	46.328	19.65
2014-05-21 15:53:11	27.06	88.252	26.613
2014-05-21 16:34:38	16.51	48.369	20.854
2014-05-21 17:22:29	20.639	118.572	31.471
2014-05-21 18:15:37	24.952	105.289	56.965
2014-05-21 19:13:14	18.081	121.629	17.433
2014-05-21 20:16:18	18.76	145.904	18.058
2014-05-21 21:24:15	21.236	137.856	17.813
2014-05-21 22:38:03	26.305	182.747	18.152
2014-05-21 23:55:34	19.077	112.855	18.311
2014-05-22 01:17:09	15.22	60.951	18.756
2014-05-22 02:43:41	15.527	44.694	31.189
2014-05-22 04:14:59	14.244	42.294	20.177
2014-05-22 05:51:16	13.84	44.853	17.832
2014-05-22 07:32:34	14.657	44.075	18.739
SL-RBUDP 165.124.159.24
timestamp	iget runtime	scp runtime	bbcp runtime
2014-05-21 13:26:40	17.231	101.002	120.843
2014-05-21 13:42:30	18.824	237.398	93.502
2014-05-21 14:02:24	26.928	181.903	84.447
2014-05-21 14:24:51	32.953	88.148	25.498
2014-05-21 14:51:38	14.957	63.757	27.373
2014-05-21 15:23:22	15.774	64.608	22.726
2014-05-21 16:00:14	18.308	64.04	29.762
2014-05-21 16:42:02	15.835	66.241	25.489
2014-05-21 17:29:15	16.843	82.947	32.28
2014-05-21 18:21:05	14.87	66.849	27.43
2014-05-21 19:18:00	14.305	71.03	29.481
2014-05-21 20:20:08	16.82	70.961	39.701
2014-05-21 21:26:53	14.864	65.781	23.768
2014-05-21 22:40:31	19.047	129.711	68.745
2014-05-21 23:58:43	29.661	87.282	73.805
2014-05-22 01:22:40	25.174	105.026	106.103
2014-05-22 02:50:49	23.452	88.207	77.413
2014-05-22 04:24:02	30.638	114.006	47.597
2014-05-22 06:03:00	17.277	64.181	155.951
2014-05-22 07:45:01	16.831	66.234	37.476
DUKE-RBUDP 152.3.144.103
timestamp	iget runtime	scp runtime	bbcp runtime
2014-05-21 13:33:54	36.316	112.255	77.786
2014-05-21 13:45:33	28.385	44.887	24.717
2014-05-21 14:05:03	30.393	175.311	63.091
2014-05-21 14:27:14	28.064	62.572	39.793
2014-05-21 14:53:48	30.568	39.526	23.714
2014-05-21 15:25:31	25.991	39.614	36.509
2014-05-21 16:02:38	24.151	50.27	51.835
2014-05-21 16:45:36	34.882	110.194	31.88
2014-05-21 17:32:35	28.232	44.954	45.187
2014-05-21 18:24:12	30.49	36.457	28.455
2014-05-21 19:20:49	29.742	37.704	29.056
2014-05-21 20:22:31	26.729	40.311	34.373
2014-05-21 21:29:15	25.976	37.632	39.777
2014-05-21 22:40:54	29.449	39.295	29.148
2014-05-21 23:58:26	33.641	51.266	65.972
2014-05-22 01:21:59	27.161	95.336	89.286
2014-05-22 02:49:47	27.402	114.152	26.222
2014-05-22 04:23:06	26.125	141.347	30.804
2014-05-22 06:00:53	25.107	108.416	31.762
2014-05-22 07:43:35	27.982	104.606	28.82
BBN-RBUDP 192.1.242.10
timestamp	iget runtime	scp runtime	bbcp runtime
2014-05-21 16:59:46	9475.82	2055.8	1645.11
2014-05-22 00:03:11	22938.4	973.767	891.636
2014-05-22 14:38:29	48739.1	1705.89	1172.44
2014-05-22 23:43:04	29744.4	909.197	821.429
2014-05-23 13:53:14	47784.3	908.885	815.613
2014-05-24 19:03:24	101478	889.156	841.951
2014-05-26 02:40:44	109950	963.73	826.363
2014-05-26 19:23:38	55989.5	947.206	836.821
2014-05-28 02:45:58	108453	945.897	840.364
FIU-RBUDP 131.94.144.21
timestamp	iget runtime	scp runtime	bbcp runtime
2014-05-21 13:20:08	21.808	153.185	31.647
2014-05-21 13:34:08	23.198	84.431	131.389
2014-05-21 13:52:14	18.965	117.943	48.795
2014-05-21 14:14:01	19.006	65.087	22.163
2014-05-21 14:41:49	20.657	79.638	66.875
2014-05-21 15:13:38	16.444	63.217	28.809
2014-05-21 15:52:24	16.666	132.228	76.581
2014-05-21 16:34:40	17.024	94.684	23.854
2014-05-21 17:23:57	25.479	147.987	82.572
2014-05-21 18:16:13	20.573	81.173	34.336
2014-05-21 19:14:10	18.863	71.137	85.916
2014-05-21 20:17:10	20.188	73.087	86.295
2014-05-21 21:24:58	18.405	77.594	71.165
2014-05-21 22:39:54	19.223	144.462	131.061
2014-05-21 23:58:16	18.299	161.421	21.732
2014-05-22 01:22:27	25.196	151.76	73.438
2014-05-22 02:51:18	20.367	81.964	127.903
2014-05-22 04:24:05	22.63	69.645	74.107
2014-05-22 06:01:57	20.052	76.224	75.773
2014-05-22 07:44:45	21.26	94.602	51.168
